Using pre-set license
Built from '2020.3/staging' branch; Version is '2020.3.17f1 (a4537701e4ab) revision 10769271'; Using compiler version '192528614'; Build Type 'Release'
OS: 'Windows 10 Home; OS build 19042.1165; Version 2009; 64bit' Language: 'en' Physical Memory: 16308 MB
BatchMode: 1, IsHumanControllingUs: 0, StartBugReporterOnCrash: 0, Is64bit: 1, IsPro: 0

COMMAND LINE ARGUMENTS:
C:\Program Files\Unity\Hub\Editor\2020.3.17f1\Editor\Unity.exe
-adb2
-batchMode
-noUpm
-name
AssetImportWorker0
-projectPath
E:/Game-Dev/project-boost/Project Boost/Project Boost
-logFile
Logs/AssetImportWorker0.log
-srvPort
55128
Successfully changed project path to: E:/Game-Dev/project-boost/Project Boost/Project Boost
E:/Game-Dev/project-boost/Project Boost/Project Boost
Using Asset Import Pipeline V2.
Refreshing native plugins compatible for Editor in 24.13 ms, found 2 plugins.
Preloading 0 native plugins for Editor in 0.00 ms.
Initialize engine version: 2020.3.17f1 (a4537701e4ab)
[Subsystems] Discovering subsystems at path C:/Program Files/Unity/Hub/Editor/2020.3.17f1/Editor/Data/Resources/UnitySubsystems
[Subsystems] Discovering subsystems at path E:/Game-Dev/project-boost/Project Boost/Project Boost/Assets
GfxDevice: creating device client; threaded=0
Direct3D:
    Version:  Direct3D 11.0 [level 11.1]
    Renderer: NVIDIA GeForce RTX 2070 (ID=0x1f07)
    Vendor:   
    VRAM:     8031 MB
    Driver:   30.0.14.7168
Initialize mono
Mono path[0] = 'C:/Program Files/Unity/Hub/Editor/2020.3.17f1/Editor/Data/Managed'
Mono path[1] = 'C:/Program Files/Unity/Hub/Editor/2020.3.17f1/Editor/Data/MonoBleedingEdge/lib/mono/unityjit'
Mono config path = 'C:/Program Files/Unity/Hub/Editor/2020.3.17f1/Editor/Data/MonoBleedingEdge/etc'
Using monoOptions --debugger-agent=transport=dt_socket,embedding=1,server=y,suspend=n,address=127.0.0.1:56784
Begin MonoManager ReloadAssembly
Registering precompiled unity dll's ...
Register platform support module: C:/Program Files/Unity/Hub/Editor/2020.3.17f1/Editor/Data/PlaybackEngines/WebGLSupport/UnityEditor.WebGL.Extensions.dll
Register platform support module: C:/Program Files/Unity/Hub/Editor/2020.3.17f1/Editor/Data/PlaybackEngines/WindowsStandaloneSupport/UnityEditor.WindowsStandalone.Extensions.dll
Registered in 0.002495 seconds.
Native extension for WindowsStandalone target not found
Native extension for WebGL target not found
Refreshing native plugins compatible for Editor in 24.10 ms, found 2 plugins.
Preloading 0 native plugins for Editor in 0.00 ms.
Mono: successfully reloaded assembly
- Completed reload, in  1.065 seconds
Domain Reload Profiling:
	ReloadAssembly (1065ms)
		BeginReloadAssembly (48ms)
			ExecutionOrderSort (0ms)
			DisableScriptedObjects (0ms)
			BackupInstance (0ms)
			ReleaseScriptingObjects (0ms)
			CreateAndSetChildDomain (1ms)
		EndReloadAssembly (344ms)
			LoadAssemblies (46ms)
			RebuildTransferFunctionScriptingTraits (0ms)
			SetupTypeCache (128ms)
			ReleaseScriptCaches (0ms)
			RebuildScriptCaches (27ms)
			SetupLoadedEditorAssemblies (134ms)
				LogAssemblyErrors (0ms)
				InitializePlatformSupportModulesInManaged (4ms)
				SetLoadedEditorAssemblies (0ms)
				RefreshPlugins (24ms)
				BeforeProcessingInitializeOnLoad (11ms)
				ProcessInitializeOnLoadAttributes (69ms)
				ProcessInitializeOnLoadMethodAttributes (25ms)
				AfterProcessingInitializeOnLoad (0ms)
				EditorAssembliesLoaded (0ms)
			ExecutionOrderSort2 (0ms)
			AwakeInstancesAfterBackupRestoration (0ms)
Platform modules already initialized, skipping
Registering precompiled user dll's ...
Registered in 0.003219 seconds.
Begin MonoManager ReloadAssembly
Native extension for WindowsStandalone target not found
Native extension for WebGL target not found
Refreshing native plugins compatible for Editor in 0.31 ms, found 2 plugins.
Preloading 0 native plugins for Editor in 0.00 ms.
Mono: successfully reloaded assembly
- Completed reload, in  0.889 seconds
Domain Reload Profiling:
	ReloadAssembly (890ms)
		BeginReloadAssembly (121ms)
			ExecutionOrderSort (0ms)
			DisableScriptedObjects (4ms)
			BackupInstance (0ms)
			ReleaseScriptingObjects (0ms)
			CreateAndSetChildDomain (15ms)
		EndReloadAssembly (717ms)
			LoadAssemblies (71ms)
			RebuildTransferFunctionScriptingTraits (0ms)
			SetupTypeCache (219ms)
			ReleaseScriptCaches (0ms)
			RebuildScriptCaches (34ms)
			SetupLoadedEditorAssemblies (307ms)
				LogAssemblyErrors (0ms)
				InitializePlatformSupportModulesInManaged (5ms)
				SetLoadedEditorAssemblies (0ms)
				RefreshPlugins (0ms)
				BeforeProcessingInitializeOnLoad (67ms)
				ProcessInitializeOnLoadAttributes (224ms)
				ProcessInitializeOnLoadMethodAttributes (3ms)
				AfterProcessingInitializeOnLoad (7ms)
				EditorAssembliesLoaded (0ms)
			ExecutionOrderSort2 (0ms)
			AwakeInstancesAfterBackupRestoration (6ms)
Platform modules already initialized, skipping
========================================================================
Worker process is ready to serve import requests
Launched and connected shader compiler UnityShaderCompiler.exe after 0.07 seconds
Refreshing native plugins compatible for Editor in 0.51 ms, found 2 plugins.
Preloading 0 native plugins for Editor in 0.00 ms.
Unloading 1397 Unused Serialized files (Serialized files now loaded: 0)
System memory in use before: 64.8 MB.
System memory in use after: 64.9 MB.

Unloading 18 unused Assets to reduce memory usage. Loaded Objects now: 1830.
Total: 3.733600 ms (FindLiveObjects: 0.265700 ms CreateObjectMapping: 0.096800 ms MarkObjects: 3.284700 ms  DeleteObjects: 0.084900 ms)

AssetImportParameters requested are different than current active one (requested -> active):
  custom:framework-win-MediaFoundation: 216162199b28c13a410421893ffa2e32 -> 
  custom:video-decoder-ogg-theora: a1e56fd34408186e4bbccfd4996cb3dc -> 
  custom:container-muxer-webm: aa71ff27fc2769a1b78a27578f13a17b -> 
  custom:container-demuxer-webm: 4f35f7cbe854078d1ac9338744f61a02 -> 
  custom:container-demuxer-ogg: 62fdf1f143b41e24485cea50d1cbac27 -> 
  custom:video-encoder-webm-vp8: eb34c28f22e8b96e1ab97ce403110664 -> 
  custom:video-codec-MediaFoundation-h265: 746d11721c4dcdbdad8f713fa42b33f4 -> 
  custom:video-decoder-webm-vp8: 9c59270c3fd7afecdb556c50c9e8de78 -> 
  custom:audio-decoder-ogg-vorbis: bf7c407c2cedff20999df2af8eb42d56 -> 
  custom:audio-encoder-webm-vorbis: bf7c407c2cedff20999df2af8eb42d56 -> 
========================================================================
Received Import Request.
  path: Assets
  artifactKey: Guid(00000000000000001000000000000000) Importer(815301076,1909f56bfc062723c751e8b465ee728b)
Start importing Assets using Guid(00000000000000001000000000000000) Importer(815301076,1909f56bfc062723c751e8b465ee728b)  -> (artifact id: '42d402b061de3733987d63b9cc3b64de') in 0.012965 seconds 
  Import took 0.030047 seconds .

========================================================================
Received Import Request.
  Time since last request: 4.044115 seconds.
  path: Assets/New Prefab.prefab
  artifactKey: Guid(ef9f23822d8f03b4bae06a4d61408065) Importer(815301076,1909f56bfc062723c751e8b465ee728b)
Start importing Assets/New Prefab.prefab using Guid(ef9f23822d8f03b4bae06a4d61408065) Importer(815301076,1909f56bfc062723c751e8b465ee728b)  -> (artifact id: '55c8c0e4b4079793c3bbe6c3d75b5084') in 0.051519 seconds 
  Import took 0.055474 seconds .

========================================================================
Received Import Request.
  Time since last request: 0.013537 seconds.
  path: Assets/New Prefab.prefab
  artifactKey: Guid(ef9f23822d8f03b4bae06a4d61408065) Importer(815301076,1909f56bfc062723c751e8b465ee728b)
Start importing Assets/New Prefab.prefab using Guid(ef9f23822d8f03b4bae06a4d61408065) Importer(815301076,1909f56bfc062723c751e8b465ee728b)  -> (artifact id: '55c8c0e4b4079793c3bbe6c3d75b5084') in 0.003487 seconds 
  Import took 0.005447 seconds .

========================================================================
Received Import Request.
  Time since last request: 7.234379 seconds.
  path: Assets/Prefabs
  artifactKey: Guid(83523bb01a985c848b9774e710b365b0) Importer(815301076,1909f56bfc062723c751e8b465ee728b)
Start importing Assets/Prefabs using Guid(83523bb01a985c848b9774e710b365b0) Importer(815301076,1909f56bfc062723c751e8b465ee728b)  -> (artifact id: '9625d47fbd17a87e61d5ce5a2b0a9003') in 0.007326 seconds 
  Import took 0.009659 seconds .

========================================================================
Received Import Request.
  Time since last request: 0.000421 seconds.
  path: Assets/Prefabs
  artifactKey: Guid(83523bb01a985c848b9774e710b365b0) Importer(815301076,1909f56bfc062723c751e8b465ee728b)
Start importing Assets/Prefabs using Guid(83523bb01a985c848b9774e710b365b0) Importer(815301076,1909f56bfc062723c751e8b465ee728b)  -> (artifact id: '9625d47fbd17a87e61d5ce5a2b0a9003') in 0.001867 seconds 
  Import took 0.004415 seconds .

========================================================================
Received Import Request.
  Time since last request: 453.002207 seconds.
  path: Assets/Materials
  artifactKey: Guid(cb286761395507b479912ad491226245) Importer(815301076,1909f56bfc062723c751e8b465ee728b)
Start importing Assets/Materials using Guid(cb286761395507b479912ad491226245) Importer(815301076,1909f56bfc062723c751e8b465ee728b)  -> (artifact id: '3d352999bf6fd58e44c45d2f51ff1650') in 0.005115 seconds 
  Import took 0.008212 seconds .

========================================================================
Received Import Request.
  Time since last request: 10.169434 seconds.
  path: Assets/Materials/New Material.mat
  artifactKey: Guid(85bcb3504539cd242be0d8afd86ea73f) Importer(815301076,1909f56bfc062723c751e8b465ee728b)
Start importing Assets/Materials/New Material.mat using Guid(85bcb3504539cd242be0d8afd86ea73f) Importer(815301076,1909f56bfc062723c751e8b465ee728b)  -> (artifact id: '324a234b8ba0796a67a677b4c0129bda') in 0.084789 seconds 
  Import took 0.088133 seconds .

========================================================================
Received Import Request.
  Time since last request: 77.206912 seconds.
  path: Assets/Materials/Metal - Brown.mat
  artifactKey: Guid(85bcb3504539cd242be0d8afd86ea73f) Importer(815301076,1909f56bfc062723c751e8b465ee728b)
Start importing Assets/Materials/Metal - Brown.mat using Guid(85bcb3504539cd242be0d8afd86ea73f) Importer(815301076,1909f56bfc062723c751e8b465ee728b)  -> (artifact id: '6702a81dc42b2fb1bf20d75743681dbd') in 0.014541 seconds 
  Import took 0.017300 seconds .

========================================================================
Received Import Request.
  Time since last request: 33.386851 seconds.
  path: Assets/Materials/New Material.mat
  artifactKey: Guid(ca002eda8f9b83745ac741a4ec999746) Importer(815301076,1909f56bfc062723c751e8b465ee728b)
Start importing Assets/Materials/New Material.mat using Guid(ca002eda8f9b83745ac741a4ec999746) Importer(815301076,1909f56bfc062723c751e8b465ee728b)  -> (artifact id: '062c1fb384e85326fdff3c00a9d843c2') in 0.019560 seconds 
  Import took 0.022331 seconds .

========================================================================
Received Import Request.
  Time since last request: 17.544287 seconds.
  path: Assets/Materials/Ship - Blue.mat
  artifactKey: Guid(ca002eda8f9b83745ac741a4ec999746) Importer(815301076,1909f56bfc062723c751e8b465ee728b)
Start importing Assets/Materials/Ship - Blue.mat using Guid(ca002eda8f9b83745ac741a4ec999746) Importer(815301076,1909f56bfc062723c751e8b465ee728b)  -> (artifact id: 'b9383bc51ee810d36d1bef77067f973e') in 0.010450 seconds 
  Import took 0.013044 seconds .

========================================================================
Received Import Request.
  Time since last request: 24.179835 seconds.
  path: Assets/Materials/Metal - Brown.mat
  artifactKey: Guid(85bcb3504539cd242be0d8afd86ea73f) Importer(815301076,1909f56bfc062723c751e8b465ee728b)
Start importing Assets/Materials/Metal - Brown.mat using Guid(85bcb3504539cd242be0d8afd86ea73f) Importer(815301076,1909f56bfc062723c751e8b465ee728b)  -> (artifact id: 'd769949af6f1d510c90468d3f58af340') in 0.011460 seconds 
  Import took 0.013691 seconds .

========================================================================
Received Import Request.
  Time since last request: 0.000189 seconds.
  path: Assets/Materials/Ship - Blue.mat
  artifactKey: Guid(ca002eda8f9b83745ac741a4ec999746) Importer(815301076,1909f56bfc062723c751e8b465ee728b)
Start importing Assets/Materials/Ship - Blue.mat using Guid(ca002eda8f9b83745ac741a4ec999746) Importer(815301076,1909f56bfc062723c751e8b465ee728b)  -> (artifact id: 'e2c77a0fbf93644b84f211612aacebe1') in 0.010102 seconds 
  Import took 0.012288 seconds .

========================================================================
Received Import Request.
  Time since last request: 6.392338 seconds.
  path: Assets/Prefabs/Rocket.prefab
  artifactKey: Guid(b26506c4ae1f310438b4249b3e3f0be4) Importer(815301076,1909f56bfc062723c751e8b465ee728b)
Start importing Assets/Prefabs/Rocket.prefab using Guid(b26506c4ae1f310438b4249b3e3f0be4) Importer(815301076,1909f56bfc062723c751e8b465ee728b)  -> (artifact id: 'b65e791981faa2555dcff0b0b9473a2f') in 0.020171 seconds 
  Import took 0.038143 seconds .

========================================================================
Received Import Request.
  Time since last request: 138.925761 seconds.
  path: Assets/Scenes/SampleScene.unity
  artifactKey: Guid(9fc0d4010bbf28b4594072e72b8655ab) Importer(815301076,1909f56bfc062723c751e8b465ee728b)
Start importing Assets/Scenes/SampleScene.unity using Guid(9fc0d4010bbf28b4594072e72b8655ab) Importer(815301076,1909f56bfc062723c751e8b465ee728b)  -> (artifact id: 'c640ee876377fe1dd50caac8b36baa21') in 0.005435 seconds 
  Import took 0.008580 seconds .

========================================================================
Received Import Request.
  Time since last request: 5.469078 seconds.
  path: Assets/Scenes/Level 1.unity
  artifactKey: Guid(9fc0d4010bbf28b4594072e72b8655ab) Importer(815301076,1909f56bfc062723c751e8b465ee728b)
Start importing Assets/Scenes/Level 1.unity using Guid(9fc0d4010bbf28b4594072e72b8655ab) Importer(815301076,1909f56bfc062723c751e8b465ee728b)  -> (artifact id: '87fff5eab6bca43929174de6dde20f61') in 0.006172 seconds 
  Import took 0.008497 seconds .

========================================================================
Received Prepare
Registering precompiled user dll's ...
Registered in 0.003156 seconds.
Begin MonoManager ReloadAssembly
Native extension for WindowsStandalone target not found
Native extension for WebGL target not found
Refreshing native plugins compatible for Editor in 0.28 ms, found 2 plugins.
Preloading 0 native plugins for Editor in 0.00 ms.
Mono: successfully reloaded assembly
- Completed reload, in  0.839 seconds
Domain Reload Profiling:
	ReloadAssembly (840ms)
		BeginReloadAssembly (93ms)
			ExecutionOrderSort (0ms)
			DisableScriptedObjects (3ms)
			BackupInstance (0ms)
			ReleaseScriptingObjects (0ms)
			CreateAndSetChildDomain (30ms)
		EndReloadAssembly (694ms)
			LoadAssemblies (71ms)
			RebuildTransferFunctionScriptingTraits (0ms)
			SetupTypeCache (215ms)
			ReleaseScriptCaches (1ms)
			RebuildScriptCaches (30ms)
			SetupLoadedEditorAssemblies (299ms)
				LogAssemblyErrors (0ms)
				InitializePlatformSupportModulesInManaged (5ms)
				SetLoadedEditorAssemblies (0ms)
				RefreshPlugins (0ms)
				BeforeProcessingInitializeOnLoad (62ms)
				ProcessInitializeOnLoadAttributes (219ms)
				ProcessInitializeOnLoadMethodAttributes (4ms)
				AfterProcessingInitializeOnLoad (8ms)
				EditorAssembliesLoaded (0ms)
			ExecutionOrderSort2 (0ms)
			AwakeInstancesAfterBackupRestoration (6ms)
Platform modules already initialized, skipping
Refreshing native plugins compatible for Editor in 0.28 ms, found 2 plugins.
Preloading 0 native plugins for Editor in 0.00 ms.
Unloading 1391 Unused Serialized files (Serialized files now loaded: 0)
System memory in use before: 68.0 MB.
System memory in use after: 68.2 MB.

Unloading 13 unused Assets to reduce memory usage. Loaded Objects now: 1874.
Total: 2.229400 ms (FindLiveObjects: 0.141100 ms CreateObjectMapping: 0.042600 ms MarkObjects: 2.029600 ms  DeleteObjects: 0.015000 ms)

AssetImportParameters requested are different than current active one (requested -> active):
  custom:framework-win-MediaFoundation: 216162199b28c13a410421893ffa2e32 -> 
  custom:video-decoder-ogg-theora: a1e56fd34408186e4bbccfd4996cb3dc -> 
  custom:container-muxer-webm: aa71ff27fc2769a1b78a27578f13a17b -> 
  custom:container-demuxer-webm: 4f35f7cbe854078d1ac9338744f61a02 -> 
  custom:container-demuxer-ogg: 62fdf1f143b41e24485cea50d1cbac27 -> 
  custom:video-encoder-webm-vp8: eb34c28f22e8b96e1ab97ce403110664 -> 
  custom:video-codec-MediaFoundation-h265: 746d11721c4dcdbdad8f713fa42b33f4 -> 
  custom:video-decoder-webm-vp8: 9c59270c3fd7afecdb556c50c9e8de78 -> 
  custom:audio-decoder-ogg-vorbis: bf7c407c2cedff20999df2af8eb42d56 -> 
  custom:audio-encoder-webm-vorbis: bf7c407c2cedff20999df2af8eb42d56 -> 
AssetImportWorkerClient::OnTransportError - code=2 error=End of file
